<?xml version="1.0" encoding="UTF-8"?>
<testsuite name="at.mentor.bouldclockapp.core.EnergyTest" tests="11" skipped="0" failures="0" errors="0" timestamp="2026-09-22T22:43:12.266Z" hostname="fedora" time="0.008">
  <properties/>
  <testcase name="beobachteter Maximalpuls schlaegt die Altersformel" classname="at.mentor.bouldclockapp.core.EnergyTest" time="0.001"/>
  <testcase name="ohne Pulswerte bleibt der Grundumsatz" classname="at.mentor.bouldclockapp.core.EnergyTest" time="0.0"/>
  <testcase name="an der Wand wird deutlich mehr gerechnet als in Ruhe" classname="at.mentor.bouldclockapp.core.EnergyTest" time="0.003"/>
  <testcase name="VO2max folgt dem Pulsverhaeltnis" classname="at.mentor.bouldclockapp.core.EnergyTest" time="0.0"/>
  <testcase name="eine Zugprobe zaehlt fuer die Energie" classname="at.mentor.bouldclockapp.core.EnergyTest" time="0.001"/>
  <testcase name="ohne Koerpergroesse ein MET" classname="at.mentor.bouldclockapp.core.EnergyTest" time="0.001"/>
  <testcase name="der Ueberschuss klingt nach dem Absteigen ab" classname="at.mentor.bouldclockapp.core.EnergyTest" time="0.0"/>
  <testcase name="Ruhepuls ergibt genau den Grundumsatz" classname="at.mentor.bouldclockapp.core.EnergyTest" time="0.001"/>
  <testcase name="Luecken im Puls werden mit dem Grundumsatz gefuellt" classname="at.mentor.bouldclockapp.core.EnergyTest" time="0.001"/>
  <testcase name="mit Koerpergroesse rechnet Mifflin-St Jeor" classname="at.mentor.bouldclockapp.core.EnergyTest" time="0.0"/>
  <testcase name="unsinnige Pulswerte ergeben keine unsinnige VO2max" classname="at.mentor.bouldclockapp.core.EnergyTest" time="0.0"/>
  <system-out><![CDATA[]]></system-out>
  <system-err><![CDATA[]]></system-err>
</testsuite>
