<?xml version="1.0" encoding="UTF-8"?>
<testsuite name="at.mentor.bouldclockapp.core.PeriodStatsTest" tests="8" skipped="0" failures="0" errors="0" timestamp="2026-09-22T21:17:27.441Z" hostname="fedora" time="0.019">
  <properties/>
  <testcase name="Luecken werden mit Nullen aufgefuellt" classname="at.mentor.bouldclockapp.core.PeriodStatsTest" time="0.017"/>
  <testcase name="ohne Grad bleibt der haerteste Grad leer" classname="at.mentor.bouldclockapp.core.PeriodStatsTest" time="0.001"/>
  <testcase name="Hoehenmeter je Woche Monat und Jahr" classname="at.mentor.bouldclockapp.core.PeriodStatsTest" time="0.0"/>
  <testcase name="Wochen beginnen am Montag" classname="at.mentor.bouldclockapp.core.PeriodStatsTest" time="0.0"/>
  <testcase name="Sessions einer Woche werden zusammengezaehlt" classname="at.mentor.bouldclockapp.core.PeriodStatsTest" time="0.001"/>
  <testcase name="spaete Sessions zaehlen zum Starttag" classname="at.mentor.bouldclockapp.core.PeriodStatsTest" time="0.0"/>
  <testcase name="Sessions ohne gemessene Hoehe zaehlen als null Meter" classname="at.mentor.bouldclockapp.core.PeriodStatsTest" time="0.0"/>
  <testcase name="haertester Grad ist das Maximum, nicht die Summe" classname="at.mentor.bouldclockapp.core.PeriodStatsTest" time="0.0"/>
  <system-out><![CDATA[]]></system-out>
  <system-err><![CDATA[]]></system-err>
</testsuite>
