<?xml version="1.0" encoding="UTF-8"?>
<testsuite name="at.mentor.bouldclockapp.core.BarometryTest" tests="7" skipped="0" failures="0" errors="0" timestamp="2026-09-23T00:46:20.183Z" hostname="fedora" time="0.004">
  <properties/>
  <testcase name="Rauschen allein ergibt keine Hoehe" classname="at.mentor.bouldclockapp.core.BarometryTest" time="0.002"/>
  <testcase name="die Umrechnung entspricht der Faustregel" classname="at.mentor.bouldclockapp.core.BarometryTest" time="0.001"/>
  <testcase name="zu wenige Messpunkte ergeben keine Hoehe" classname="at.mentor.bouldclockapp.core.BarometryTest" time="0.0"/>
  <testcase name="ein einzelner Ausreisser verfaelscht die Hoehe kaum" classname="at.mentor.bouldclockapp.core.BarometryTest" time="0.0"/>
  <testcase name="ein vier Meter hoher Boulder wird erkannt" classname="at.mentor.bouldclockapp.core.BarometryTest" time="0.0"/>
  <testcase name="ein hoher Boulder wird ebenso erkannt" classname="at.mentor.bouldclockapp.core.BarometryTest" time="0.001"/>
  <testcase name="unplausible Spruenge werden verworfen" classname="at.mentor.bouldclockapp.core.BarometryTest" time="0.0"/>
  <system-out><![CDATA[]]></system-out>
  <system-err><![CDATA[]]></system-err>
</testsuite>
