<?xml version="1.0" encoding="UTF-8"?>
<testsuite name="at.mentor.bouldclockapp.core.LabelNounTest" tests="2" skipped="0" failures="0" errors="0" timestamp="2026-09-22T22:43:12.279Z" hostname="fedora" time="0.003">
  <properties/>
  <testcase name="Einzahl und Mehrzahl ohne Zahl" classname="at.mentor.bouldclockapp.core.LabelNounTest" time="0.0"/>
  <testcase name="mit Zahl bleibt es wie bisher" classname="at.mentor.bouldclockapp.core.LabelNounTest" time="0.002"/>
  <system-out><![CDATA[]]></system-out>
  <system-err><![CDATA[]]></system-err>
</testsuite>
