<?xml version="1.0" encoding="UTF-8"?>
<testsuite name="at.mentor.bouldclockapp.core.ProfilePayloadBodyTest" tests="2" skipped="0" failures="0" errors="0" timestamp="2026-09-22T22:43:12.318Z" hostname="fedora" time="0.006">
  <properties/>
  <testcase name="ein altes Paket ohne Koerperdaten bleibt lesbar" classname="at.mentor.bouldclockapp.core.ProfilePayloadBodyTest" time="0.005"/>
  <testcase name="Groesse Ruhepuls und Maximalpuls ueberstehen die Uebertragung" classname="at.mentor.bouldclockapp.core.ProfilePayloadBodyTest" time="0.001"/>
  <system-out><![CDATA[]]></system-out>
  <system-err><![CDATA[]]></system-err>
</testsuite>
